<?xml version="1.0" encoding="UTF-8"?>
<!-- Generated by org.testng.reporters.JUnitReportReporter -->
<testsuite hostname="DESKTOP-9VP6E9C" failures="0" tests="2" name="mavenprojectdemo.firstdemo" time="0.008" errors="0" timestamp="2021-09-05T18:45:56 IST" skipped="0">
  <testcase classname="mavenprojectdemo.firstdemo" name="Second" time="0.008"/>
  <system-out/>
  <testcase classname="mavenprojectdemo.firstdemo" name="first" time="0.000"/>
  <system-out/>
</testsuite> <!-- mavenprojectdemo.firstdemo -->
